<?xml version="1.0" encoding="UTF-8"?>
<!-- Generated by org.testng.reporters.JUnitXMLReporter -->
<testsuite hostname="mehdis-MacBook-Pro.local" ignored="0" name="Command line test" tests="11" failures="1" timestamp="11 Jun 2019 00:18:09 GMT" time="3.139" errors="0">
  <testcase name="findAllSong" time="0.627" classname="de.htw.ai.kbe.resource.SongResourceJerseyTest"/>
  <testcase name="findSongByID" time="0.206" classname="de.htw.ai.kbe.resource.SongResourceJerseyTest"/>
  <testcase name="findSongByIDJerseyMethod" time="0.0" classname="de.htw.ai.kbe.resource.SongResourceJerseyTest">
    <failure type="java.lang.NullPointerException">
      <![CDATA[java.lang.NullPointerException
at org.glassfish.jersey.test.JerseyTest.target(JerseyTest.java:541)
at org.glassfish.jersey.test.JerseyTest.target(JerseyTest.java:555)
at de.htw.ai.kbe.resource.SongResourceJerseyTest.findSongByIDJerseyMethod(SongResourceJerseyTest.java:82)
... Removed 35 stack frames]]>
    </failure>
  </testcase> <!-- findSongByIDJerseyMethod -->
  <testcase name="putSongWithNonExistanceId" time="0.162" classname="de.htw.ai.kbe.resource.SongResourceJerseyTest"/>
  <testcase name="putSongWithNotSameId" time="0.15" classname="de.htw.ai.kbe.resource.SongResourceJerseyTest"/>
  <testcase name="putSongWithSameId" time="0.145" classname="de.htw.ai.kbe.resource.SongResourceJerseyTest"/>
  <testcase name="findAllSong" time="0.205" classname="de.htw.ai.kbe.resource.SongResourceTest"/>
  <testcase name="findSongByID" time="0.163" classname="de.htw.ai.kbe.resource.SongResourceTest"/>
  <testcase name="putSongWithNonExistanceId" time="0.133" classname="de.htw.ai.kbe.resource.SongResourceTest"/>
  <testcase name="putSongWithNotSameId" time="0.112" classname="de.htw.ai.kbe.resource.SongResourceTest"/>
  <testcase name="putSongWithSameId" time="0.135" classname="de.htw.ai.kbe.resource.SongResourceTest"/>
</testsuite> <!-- Command line test -->
