<?xml version="1.0" encoding="UTF-8"?>
<testng-results skipped="0" failed="1" ignored="0" total="11" passed="10">
  <reporter-output>
  </reporter-output>
  <suite name="Command line suite" duration-ms="3139" started-at="2019-06-11T00:18:06Z" finished-at="2019-06-11T00:18:09Z">
    <groups>
    </groups>
    <test name="Command line test" duration-ms="3139" started-at="2019-06-11T00:18:06Z" finished-at="2019-06-11T00:18:09Z">
      <class name="de.htw.ai.kbe.resource.SongResourceJerseyTest">
        <test-method status="PASS" signature="initializeDatabase()[pri:0, instance:de.htw.ai.kbe.resource.SongResourceJerseyTest@50d0686]" name="initializeDatabase" is-config="true" duration-ms="9" started-at="2019-06-11T00:18:06Z" finished-at="2019-06-11T00:18:06Z">
          <reporter-output>
          </reporter-output>
        </test-method> <!-- initializeDatabase -->
        <test-method status="PASS" signature="initializeDatabase()[pri:0, instance:de.htw.ai.kbe.resource.SongResourceTest@7a3d45bd]" name="initializeDatabase" is-config="true" duration-ms="0" started-at="2019-06-11T00:18:06Z" finished-at="2019-06-11T00:18:06Z">
          <reporter-output>
          </reporter-output>
        </test-method> <!-- initializeDatabase -->
        <test-method status="PASS" signature="init()[pri:0, instance:de.htw.ai.kbe.resource.SongResourceJerseyTest@50d0686]" name="init" is-config="true" duration-ms="999" started-at="2019-06-11T00:18:06Z" finished-at="2019-06-11T00:18:07Z">
          <reporter-output>
          </reporter-output>
        </test-method> <!-- init -->
        <test-method status="PASS" signature="findAllSong()[pri:0, instance:de.htw.ai.kbe.resource.SongResourceJerseyTest@50d0686]" name="findAllSong" duration-ms="627" started-at="2019-06-11T00:18:07Z" finished-at="2019-06-11T00:18:08Z">
          <reporter-output>
          </reporter-output>
        </test-method> <!-- findAllSong -->
        <test-method status="PASS" signature="findSongByID()[pri:0, instance:de.htw.ai.kbe.resource.SongResourceJerseyTest@50d0686]" name="findSongByID" duration-ms="206" started-at="2019-06-11T00:18:08Z" finished-at="2019-06-11T00:18:08Z">
          <reporter-output>
          </reporter-output>
        </test-method> <!-- findSongByID -->
        <test-method status="FAIL" signature="findSongByIDJerseyMethod()[pri:0, instance:de.htw.ai.kbe.resource.SongResourceJerseyTest@50d0686]" name="findSongByIDJerseyMethod" duration-ms="0" started-at="2019-06-11T00:18:08Z" finished-at="2019-06-11T00:18:08Z">
          <exception class="java.lang.NullPointerException">
            <full-stacktrace>
              <![CDATA[java.lang.NullPointerException
at org.glassfish.jersey.test.JerseyTest.target(JerseyTest.java:541)
at org.glassfish.jersey.test.JerseyTest.target(JerseyTest.java:555)
at de.htw.ai.kbe.resource.SongResourceJerseyTest.findSongByIDJerseyMethod(SongResourceJerseyTest.java:82)
at sun.reflect.NativeMethodAccessorImpl.invoke0(Native Method)
at sun.reflect.NativeMethodAccessorImpl.invoke(NativeMethodAccessorImpl.java:62)
at sun.reflect.DelegatingMethodAccessorImpl.invoke(DelegatingMethodAccessorImpl.java:43)
at java.lang.reflect.Method.invoke(Method.java:498)
at org.testng.internal.MethodInvocationHelper.invokeMethod(MethodInvocationHelper.java:124)
at org.testng.internal.Invoker.invokeMethod(Invoker.java:583)
at org.testng.internal.Invoker.invokeTestMethod(Invoker.java:719)
at org.testng.internal.Invoker.invokeTestMethods(Invoker.java:989)
at org.testng.internal.TestMethodWorker.invokeTestMethods(TestMethodWorker.java:125)
at org.testng.internal.TestMethodWorker.run(TestMethodWorker.java:109)
at org.testng.TestRunner.privateRun(TestRunner.java:648)
at org.testng.TestRunner.run(TestRunner.java:505)
at org.testng.SuiteRunner.runTest(SuiteRunner.java:455)
at org.testng.SuiteRunner.runSequentially(SuiteRunner.java:450)
at org.testng.SuiteRunner.privateRun(SuiteRunner.java:415)
at org.testng.SuiteRunner.run(SuiteRunner.java:364)
at org.testng.SuiteRunnerWorker.runSuite(SuiteRunnerWorker.java:52)
at org.testng.SuiteRunnerWorker.run(SuiteRunnerWorker.java:84)
at org.testng.TestNG.runSuitesSequentially(TestNG.java:1208)
at org.testng.TestNG.runSuitesLocally(TestNG.java:1137)
at org.testng.TestNG.runSuites(TestNG.java:1049)
at org.testng.TestNG.run(TestNG.java:1017)
at org.apache.maven.surefire.testng.TestNGExecutor.run(TestNGExecutor.java:77)
at org.apache.maven.surefire.testng.TestNGDirectoryTestSuite.executeMulti(TestNGDirectoryTestSuite.java:159)
at org.apache.maven.surefire.testng.TestNGDirectoryTestSuite.execute(TestNGDirectoryTestSuite.java:99)
at org.apache.maven.surefire.testng.TestNGProvider.invoke(TestNGProvider.java:106)
at sun.reflect.NativeMethodAccessorImpl.invoke0(Native Method)
at sun.reflect.NativeMethodAccessorImpl.invoke(NativeMethodAccessorImpl.java:62)
at sun.reflect.DelegatingMethodAccessorImpl.invoke(DelegatingMethodAccessorImpl.java:43)
at java.lang.reflect.Method.invoke(Method.java:498)
at org.apache.maven.surefire.util.ReflectionUtils.invokeMethodWithArray(ReflectionUtils.java:189)
at org.apache.maven.surefire.booter.ProviderFactory$ProviderProxy.invoke(ProviderFactory.java:165)
at org.apache.maven.surefire.booter.ProviderFactory.invokeProvider(ProviderFactory.java:85)
at org.apache.maven.surefire.booter.ForkedBooter.runSuitesInProcess(ForkedBooter.java:115)
at org.apache.maven.surefire.booter.ForkedBooter.main(ForkedBooter.java:75)
]]>
            </full-stacktrace>
          </exception> <!-- java.lang.NullPointerException -->
          <reporter-output>
          </reporter-output>
        </test-method> <!-- findSongByIDJerseyMethod -->
        <test-method status="PASS" signature="putSongWithNonExistanceId()[pri:0, instance:de.htw.ai.kbe.resource.SongResourceJerseyTest@50d0686]" name="putSongWithNonExistanceId" duration-ms="162" started-at="2019-06-11T00:18:08Z" finished-at="2019-06-11T00:18:08Z">
          <reporter-output>
          </reporter-output>
        </test-method> <!-- putSongWithNonExistanceId -->
        <test-method status="PASS" signature="putSongWithNotSameId()[pri:0, instance:de.htw.ai.kbe.resource.SongResourceJerseyTest@50d0686]" name="putSongWithNotSameId" duration-ms="150" started-at="2019-06-11T00:18:08Z" finished-at="2019-06-11T00:18:08Z">
          <reporter-output>
          </reporter-output>
        </test-method> <!-- putSongWithNotSameId -->
        <test-method status="PASS" signature="putSongWithSameId()[pri:0, instance:de.htw.ai.kbe.resource.SongResourceJerseyTest@50d0686]" name="putSongWithSameId" duration-ms="145" started-at="2019-06-11T00:18:08Z" finished-at="2019-06-11T00:18:09Z">
          <reporter-output>
          </reporter-output>
        </test-method> <!-- putSongWithSameId -->
        <test-method status="PASS" signature="tearDown()[pri:0, instance:de.htw.ai.kbe.resource.SongResourceJerseyTest@50d0686]" name="tearDown" is-config="true" duration-ms="9" started-at="2019-06-11T00:18:09Z" finished-at="2019-06-11T00:18:09Z">
          <reporter-output>
          </reporter-output>
        </test-method> <!-- tearDown -->
      </class> <!-- de.htw.ai.kbe.resource.SongResourceJerseyTest -->
      <class name="de.htw.ai.kbe.resource.SongResourceTest">
        <test-method status="PASS" signature="init()[pri:0, instance:de.htw.ai.kbe.resource.SongResourceTest@7a3d45bd]" name="init" is-config="true" duration-ms="63" started-at="2019-06-11T00:18:09Z" finished-at="2019-06-11T00:18:09Z">
          <reporter-output>
          </reporter-output>
        </test-method> <!-- init -->
        <test-method status="PASS" signature="findAllSong()[pri:0, instance:de.htw.ai.kbe.resource.SongResourceTest@7a3d45bd]" name="findAllSong" duration-ms="205" started-at="2019-06-11T00:18:09Z" finished-at="2019-06-11T00:18:09Z">
          <reporter-output>
          </reporter-output>
        </test-method> <!-- findAllSong -->
        <test-method status="PASS" signature="findSongByID()[pri:0, instance:de.htw.ai.kbe.resource.SongResourceTest@7a3d45bd]" name="findSongByID" duration-ms="163" started-at="2019-06-11T00:18:09Z" finished-at="2019-06-11T00:18:09Z">
          <reporter-output>
          </reporter-output>
        </test-method> <!-- findSongByID -->
        <test-method status="PASS" signature="putSongWithNonExistanceId()[pri:0, instance:de.htw.ai.kbe.resource.SongResourceTest@7a3d45bd]" name="putSongWithNonExistanceId" duration-ms="133" started-at="2019-06-11T00:18:09Z" finished-at="2019-06-11T00:18:09Z">
          <reporter-output>
          </reporter-output>
        </test-method> <!-- putSongWithNonExistanceId -->
        <test-method status="PASS" signature="putSongWithNotSameId()[pri:0, instance:de.htw.ai.kbe.resource.SongResourceTest@7a3d45bd]" name="putSongWithNotSameId" duration-ms="112" started-at="2019-06-11T00:18:09Z" finished-at="2019-06-11T00:18:09Z">
          <reporter-output>
          </reporter-output>
        </test-method> <!-- putSongWithNotSameId -->
        <test-method status="PASS" signature="putSongWithSameId()[pri:0, instance:de.htw.ai.kbe.resource.SongResourceTest@7a3d45bd]" name="putSongWithSameId" duration-ms="135" started-at="2019-06-11T00:18:09Z" finished-at="2019-06-11T00:18:09Z">
          <reporter-output>
          </reporter-output>
        </test-method> <!-- putSongWithSameId -->
        <test-method status="PASS" signature="tearDown()[pri:0, instance:de.htw.ai.kbe.resource.SongResourceTest@7a3d45bd]" name="tearDown" is-config="true" duration-ms="3" started-at="2019-06-11T00:18:09Z" finished-at="2019-06-11T00:18:09Z">
          <reporter-output>
          </reporter-output>
        </test-method> <!-- tearDown -->
      </class> <!-- de.htw.ai.kbe.resource.SongResourceTest -->
    </test> <!-- Command line test -->
  </suite> <!-- Command line suite -->
</testng-results>
